[0m12:12:32.114845 [debug] [MainThread]: Sending event: {'category': 'dbt', 'action': 'invocation', 'label': 'start', 'context': [<snowplow_tracker.self_describing_json.SelfDescribingJson object at 0x000002196A85D400>, <snowplow_tracker.self_describing_json.SelfDescribingJson object at 0x000002196CC8BED0>, <snowplow_tracker.self_describing_json.SelfDescribingJson object at 0x000002196CC8B9D0>]}


============================== 12:12:32.132855 | 7f41269d-fc4a-4c15-bb26-501fa63f7058 ==============================
[0m12:12:32.132855 [info ] [MainThread]: Running with dbt=1.11.7
[0m12:12:32.133691 [debug] [MainThread]: running dbt with arguments {'version_check': 'True', 'no_print': 'None', 'static_parser': 'True', 'target_path': 'None', 'warn_error_options': 'WarnErrorOptionsV2(error=[], warn=[], silence=[])', 'printer_width': '80', 'write_json': 'True', 'introspect': 'True', 'log_cache_events': 'False', 'empty': 'None', 'cache_selected_only': 'False', 'log_format': 'default', 'debug': 'False', 'fail_fast': 'False', 'partial_parse': 'True', 'send_anonymous_usage_stats': 'True', 'quiet': 'False', 'warn_error': 'None', 'profiles_dir': 'C:\\Users\\kostu\\.dbt', 'use_colors': 'True', 'indirect_selection': 'eager', 'invocation_command': 'dbt init chicago_crime_dbt', 'use_experimental_parser': 'False', 'log_path': 'logs'}
[0m12:12:32.145196 [info ] [MainThread]: Creating dbt configuration folder at C:\Users\kostu\.dbt
[0m12:12:32.147528 [debug] [MainThread]: Starter project path: C:\Users\kostu\AppData\Roaming\Python\Python313\site-packages\dbt\include\starter_project
[0m12:12:32.158543 [info ] [MainThread]: 
Your new dbt project "chicago_crime_dbt" was created!

For more information on how to configure the profiles.yml file,
please consult the dbt documentation here:

  https://docs.getdbt.com/docs/configure-your-profile

One more thing:

Need help? Don't hesitate to reach out to us via GitHub issues or on Slack:

  https://community.getdbt.com/

Happy modeling!

[0m12:12:32.159147 [info ] [MainThread]: Setting up your profile.
[0m12:14:08.359473 [info ] [MainThread]: Profile chicago_crime_dbt written to C:\Users\kostu\.dbt\profiles.yml using target's profile_template.yml and your supplied values. Run 'dbt debug' to validate the connection.
[0m12:14:08.360873 [debug] [MainThread]: Command `dbt init` succeeded at 12:14:08.360764 after 96.35 seconds
[0m12:14:08.361184 [debug] [MainThread]: Sending event: {'category': 'dbt', 'action': 'invocation', 'label': 'end', 'context': [<snowplow_tracker.self_describing_json.SelfDescribingJson object at 0x000002196CD7DA70>, <snowplow_tracker.self_describing_json.SelfDescribingJson object at 0x000002196CD9CB90>, <snowplow_tracker.self_describing_json.SelfDescribingJson object at 0x000002196BA7FDF0>]}
[0m12:14:08.361430 [debug] [MainThread]: Flushing usage events
[0m12:14:09.198506 [debug] [MainThread]: An error was encountered while trying to flush usage events
[0m12:14:36.669123 [debug] [MainThread]: Sending event: {'category': 'dbt', 'action': 'invocation', 'label': 'start', 'context': [<snowplow_tracker.self_describing_json.SelfDescribingJson object at 0x000002E68EC1D400>, <snowplow_tracker.self_describing_json.SelfDescribingJson object at 0x000002E69103FED0>, <snowplow_tracker.self_describing_json.SelfDescribingJson object at 0x000002E69103F9D0>]}


============================== 12:14:36.675164 | a38cb4a1-918f-44f1-a8c3-45e8f2ca4cc3 ==============================
[0m12:14:36.675164 [info ] [MainThread]: Running with dbt=1.11.7
[0m12:14:36.675883 [debug] [MainThread]: running dbt with arguments {'version_check': 'True', 'no_print': 'None', 'static_parser': 'True', 'warn_error_options': 'WarnErrorOptionsV2(error=[], warn=[], silence=[])', 'target_path': 'None', 'printer_width': '80', 'write_json': 'True', 'empty': 'None', 'log_cache_events': 'False', 'introspect': 'True', 'cache_selected_only': 'False', 'log_format': 'default', 'debug': 'False', 'fail_fast': 'False', 'profiles_dir': 'C:\\Users\\kostu\\.dbt', 'send_anonymous_usage_stats': 'True', 'quiet': 'False', 'warn_error': 'None', 'partial_parse': 'True', 'use_colors': 'True', 'indirect_selection': 'eager', 'invocation_command': 'dbt debug', 'use_experimental_parser': 'False', 'log_path': 'logs'}
[0m12:14:36.683898 [info ] [MainThread]: dbt version: 1.11.7
[0m12:14:36.684319 [info ] [MainThread]: python version: 3.13.7
[0m12:14:36.684812 [info ] [MainThread]: python path: C:\Python313\python.exe
[0m12:14:36.685345 [info ] [MainThread]: os info: Windows-11-10.0.26200-SP0
[0m12:14:36.712776 [info ] [MainThread]: Using profiles dir at C:\Users\kostu\.dbt
[0m12:14:36.713487 [info ] [MainThread]: Using profiles.yml file at C:\Users\kostu\.dbt\profiles.yml
[0m12:14:36.713907 [info ] [MainThread]: Using dbt_project.yml file at C:\Users\kostu\OneDrive\Pulpit\NYC PROJECT\crime-analytics-data-platform\dbt\dbt_project.yml
[0m12:14:36.714409 [info ] [MainThread]: adapter type: postgres
[0m12:14:36.714602 [info ] [MainThread]: adapter version: 1.10.0
[0m12:14:36.714780 [info ] [MainThread]: Configuration:
[0m12:14:36.714919 [info ] [MainThread]:   profiles.yml file [[32mOK found and valid[0m]
[0m12:14:36.715046 [info ] [MainThread]:   dbt_project.yml file [[31mERROR not found[0m]
[0m12:14:36.715168 [info ] [MainThread]: Required dependencies:
[0m12:14:36.715316 [debug] [MainThread]: Executing "git --help"
[0m12:14:36.761049 [debug] [MainThread]: STDOUT: "b"usage: git [-v | --version] [-h | --help] [-C <path>] [-c <name>=<value>]\n           [--exec-path[=<path>]] [--html-path] [--man-path] [--info-path]\n           [-p | --paginate | -P | --no-pager] [--no-replace-objects] [--no-lazy-fetch]\n           [--no-optional-locks] [--no-advice] [--bare] [--git-dir=<path>]\n           [--work-tree=<path>] [--namespace=<name>] [--config-env=<name>=<envvar>]\n           <command> [<args>]\n\nThese are common Git commands used in various situations:\n\nstart a working area (see also: git help tutorial)\n   clone      Clone a repository into a new directory\n   init       Create an empty Git repository or reinitialize an existing one\n\nwork on the current change (see also: git help everyday)\n   add        Add file contents to the index\n   mv         Move or rename a file, a directory, or a symlink\n   restore    Restore working tree files\n   rm         Remove files from the working tree and from the index\n\nexamine the history and state (see also: git help revisions)\n   bisect     Use binary search to find the commit that introduced a bug\n   diff       Show changes between commits, commit and working tree, etc\n   grep       Print lines matching a pattern\n   log        Show commit logs\n   show       Show various types of objects\n   status     Show the working tree status\n\ngrow, mark and tweak your common history\n   backfill   Download missing objects in a partial clone\n   branch     List, create, or delete branches\n   commit     Record changes to the repository\n   merge      Join two or more development histories together\n   rebase     Reapply commits on top of another base tip\n   reset      Reset current HEAD to the specified state\n   switch     Switch branches\n   tag        Create, list, delete or verify a tag object signed with GPG\n\ncollaborate (see also: git help workflows)\n   fetch      Download objects and refs from another repository\n   pull       Fetch from and integrate with another repository or a local branch\n   push       Update remote refs along with associated objects\n\n'git help -a' and 'git help -g' list available subcommands and some\nconcept guides. See 'git help <command>' or 'git help <concept>'\nto read about a specific subcommand or concept.\nSee 'git help git' for an overview of the system.\n""
[0m12:14:36.761436 [debug] [MainThread]: STDERR: "b''"
[0m12:14:36.761707 [info ] [MainThread]:  - git [[32mOK found[0m]

[0m12:14:36.761984 [info ] [MainThread]: Connection:
[0m12:14:36.762214 [info ] [MainThread]:   host: localhost
[0m12:14:36.762373 [info ] [MainThread]:   port: 5432
[0m12:14:36.762506 [info ] [MainThread]:   user: postgres
[0m12:14:36.762677 [info ] [MainThread]:   database: nyc
[0m12:14:36.762810 [info ] [MainThread]:   schema: public
[0m12:14:36.762942 [info ] [MainThread]:   connect_timeout: 10
[0m12:14:36.763074 [info ] [MainThread]:   role: None
[0m12:14:36.763207 [info ] [MainThread]:   search_path: None
[0m12:14:36.763326 [info ] [MainThread]:   keepalives_idle: 0
[0m12:14:36.763456 [info ] [MainThread]:   sslmode: None
[0m12:14:36.763577 [info ] [MainThread]:   sslcert: None
[0m12:14:36.763695 [info ] [MainThread]:   sslkey: None
[0m12:14:36.763810 [info ] [MainThread]:   sslrootcert: None
[0m12:14:36.763926 [info ] [MainThread]:   application_name: dbt
[0m12:14:36.764122 [info ] [MainThread]:   retries: 1
[0m12:14:36.764472 [info ] [MainThread]: Registered adapter: postgres=1.10.0
[0m12:14:36.863153 [debug] [MainThread]: Acquiring new postgres connection 'debug'
[0m12:14:36.932230 [debug] [MainThread]: Using postgres connection "debug"
[0m12:14:36.932536 [debug] [MainThread]: On debug: select 1 as id
[0m12:14:36.932669 [debug] [MainThread]: Opening a new connection, currently in state init
[0m12:14:36.961823 [debug] [MainThread]: SQL status: SELECT 1 in 0.029 seconds
[0m12:14:36.962574 [debug] [MainThread]: On debug: Close
[0m12:14:36.962801 [info ] [MainThread]:   Connection test: [[32mOK connection ok[0m]

[0m12:14:36.963419 [info ] [MainThread]: [31m1 check failed:[0m
[0m12:14:36.963913 [info ] [MainThread]: Project loading failed for the following reason:
 project path <C:\Users\kostu\OneDrive\Pulpit\NYC PROJECT\crime-analytics-data-platform\dbt\dbt_project.yml> not found

[0m12:14:36.964362 [debug] [MainThread]: Command `dbt debug` failed at 12:14:36.964292 after 0.40 seconds
[0m12:14:36.964537 [debug] [MainThread]: Connection 'debug' was properly closed.
[0m12:14:36.964710 [debug] [MainThread]: Sending event: {'category': 'dbt', 'action': 'invocation', 'label': 'end', 'context': [<snowplow_tracker.self_describing_json.SelfDescribingJson object at 0x000002E690FBFCE0>, <snowplow_tracker.self_describing_json.SelfDescribingJson object at 0x000002E691314B90>, <snowplow_tracker.self_describing_json.SelfDescribingJson object at 0x000002E69107F460>]}
[0m12:14:36.964928 [debug] [MainThread]: Flushing usage events
[0m12:14:37.679795 [debug] [MainThread]: An error was encountered while trying to flush usage events
